<?xml version="1.0" encoding="UTF-8"?>
<!-- Generated by org.testng.reporters.JUnitReportReporter -->
<testsuite hostname="Vivek" failures="0" tests="1" name="Testcases.verifySignup" time="43.847" errors="0" timestamp="2022-12-01T12:40:38 IST" skipped="0">
  <testcase classname="Testcases.verifySignup" name="Signup" time="43.847"/>
  <system-out/>
</testsuite> <!-- Testcases.verifySignup -->
